[Record REPORT]
[CODE=CDE VITRAGE]
[C]code=CDE VITRAGE
[M]descriptio=24
Bon commandes de vitrage
[M]design=24181
<?xml version="1.0" encoding="utf-8"?>
<TfrxReport Version="4.1.28" DotMatrixReport="false" IniFile="\Software\Fast Reports" PreviewOptions.Buttons="4095" PreviewOptions.Zoom="1" PrintOptions.Printer="pdfFactory" PrintOptions.PrintOnSheet="0" ReportOptions.CreateDate="39147,640014213" ReportOptions.Description.Text="" ReportOptions.LastChange="39147,653323669" ScriptLanguage="PascalScript" ScriptText.Text="&#13;&#10;&#13;&#10;//++++++++++++++++++++++++++++++++++++++++++++++++++++++++++&#13;&#10;    &#13;&#10;function isblank (chaine : string) : boolean;&#13;&#10;begin&#13;&#10;  if (length(trim(chaine)) &#62; 0) then             &#13;&#10;     Result := false  &#13;&#10;  else&#13;&#10;     Result := true;&#13;&#10;end;       &#13;&#10;&#13;&#10;//++++++++++++++++++++++++++++++++++++++++++++++++++++++++++&#13;&#10;    &#13;&#10;procedure Memo12OnBeforePrint(Sender: TfrxComponent);&#13;&#10;var&#13;&#10;sql : string;&#13;&#10;str : string;  &#13;&#10;begin     &#13;&#10;  &#13;&#10;   str := '';                           &#13;&#10;   if not (&#60;Vitrecde.&#34;alveolev&#34;&#62; = 0) then&#13;&#10;   begin               &#13;&#10;      sql := 'Select v.pos from vitrecrx v where v.lot = ';  &#13;&#10;      sql := sql + IntToStr(&#60;Vitrecde.&#34;lot&#34;&#62;);   &#13;&#10;      sql := sql + ' and v.cde = ';  &#13;&#10;      sql := sql + ''''+ &#60;Vitrecde.&#34;cde&#34;&#62;+'''';  &#13;&#10;      sql := sql + ' and v.chassis = ';  &#13;&#10;      sql := sql + '''' + &#60;Vitrecde.&#34;chassis&#34;&#62; + '''';  &#13;&#10;      sql := sql + ' and v.code = ';  &#13;&#10;      sql := sql + IntToStr(&#60;Vitrecde.&#34;code&#34;&#62;);&#13;&#10;      sql := sql + ' and v.prefix = ''V''';                                        &#13;&#10;             &#13;&#10;      ReplaceSQL('Vitrecrx', sql);&#13;&#10;      FirstRecord('Vitrecrx');&#13;&#10;      if not (QueryEof('Vitrecrx')) then                                         &#13;&#10;      begin&#13;&#10;         str := Translate('DOC_ENTRAXEGAUCHEDROITE','');                                    &#13;&#10;         while not QueryEof('Vitrecrx') do&#13;&#10;         begin&#13;&#10;            str := str + FloatToStr(&#60;Vitrecrx.&#34;pos&#34;&#62;);&#13;&#10;            NextRecord('Vitrecrx');&#13;&#10;            if not (QueryEof('Vitrecrx'))then&#13;&#10;            begin&#13;&#10;               str := str + ', ';&#13;&#10;            end;                                             &#13;&#10;         end;&#13;&#10;         Memo12.Memo.Add(str);                                                                                &#13;&#10;      end;&#13;&#10;      &#13;&#10;      str := '';&#13;&#10;      sql := 'Select v.pos from vitrecrx v where v.lot = ';  &#13;&#10;      sql := sql + IntToStr(&#60;Vitrecde.&#34;lot&#34;&#62;);   &#13;&#10;      sql := sql + ' and v.cde = ';  &#13;&#10;      sql := sql + ''''+ &#60;Vitrecde.&#34;cde&#34;&#62;+'''';  &#13;&#10;      sql := sql + ' and v.chassis = ';  &#13;&#10;      sql := sql + '''' + &#60;Vitrecde.&#34;chassis&#34;&#62; + '''';  &#13;&#10;      sql := sql + ' and v.code = ';  &#13;&#10;      sql := sql + IntToStr(&#60;Vitrecde.&#34;code&#34;&#62;);&#13;&#10;      sql := sql + ' and v.prefix = ''H''';                                        &#13;&#10;             &#13;&#10;      ReplaceSQL('Vitrecrx', sql);&#13;&#10;      FirstRecord('Vitrecrx');&#13;&#10;      if not (QueryEof('Vitrecrx')) then&#13;&#10;      begin                                                                                                                                                  &#13;&#10;         str := Translate('DOC_ENTRAXEBASHAUT','') + ':';                         &#13;&#10;         while not QueryEof('Vitrecrx') do&#13;&#10;         begin&#13;&#10;            str := str + FloatToStr(&#60;Vitrecrx.&#34;pos&#34;&#62;);&#13;&#10;            NextRecord('Vitrecrx');&#13;&#10;            if not (QueryEof('Vitrecrx'))then&#13;&#10;            begin&#13;&#10;               str := str + ', ';&#13;&#10;            end;                                             &#13;&#10;         end;&#13;&#10;         Memo12.Memo.Add(str);                                                                                   &#13;&#10;      end;                                 &#13;&#10;   end&#13;&#10;   else&#13;&#10;   begin&#13;&#10;      Memo12.Memo.Text := str;                                                                                &#13;&#10;   end;             &#13;&#10;end;&#13;&#10;&#13;&#10;//++++++++++++++++++++++++++++++++++++++++++++++++++++++++++++                                                                                                                              &#13;&#10;  &#13;&#10;procedure MasterData1OnBeforePrint(Sender: TfrxComponent);&#13;&#10;var&#13;&#10;sql : string;    &#13;&#10;begin&#13;&#10;   sql := 'Select vc.alveolev, vc.alveoleh, vc.codecrx, c.descriptio, clr.descriptio as couleur from vitrecde vc join croisill c on c.code=vc.codecrx join couleur clr on clr.code = vc.clrcrxext where vc.lot = ';&#13;&#10;   sql := sql + IntToStr(&#60;Vitrecde.&#34;lot&#34;&#62;);&#13;&#10;   sql := sql + ' and vc.chassis = ';&#13;&#10;   sql := sql + '''' + &#60;Vitrecde.&#34;chassis&#34;&#62; + '''';                                       &#13;&#10;   ReplaceSQL('Detcrx',sql);                                 &#13;&#10;end;&#13;&#10;&#13;&#10;//++++++++++++++++++++++++++++++++++++++++++++++++++++++++++++                                                                                                                              &#13;&#10;    &#13;&#10;procedure VitrecdealveolevOnBeforePrint(Sender: TfrxComponent);    &#13;&#10;var&#13;&#10;str : string;  &#13;&#10;begin     &#13;&#10;  &#13;&#10;   str := '';                           &#13;&#10;   if &#60;Vitrecde.&#34;alveolev&#34;&#62; = 0 then&#13;&#10;   begin&#13;&#10;      Vitrecdealveolev.Memo.Text := str;                                                      &#13;&#10;      Vitrecdealveolev.Frame.Typ := (ftRight);&#13;&#10;      Vitrecdechassis.Frame.Typ := (ftBottom);&#13;&#10;      Memo17.Frame.Typ := (ftBottom)+(ftRight);          &#13;&#10;   end;  &#13;&#10;  &#13;&#10;  if isblank(&#60;Vitrecde.&#34;dessin&#34;&#62;) then&#13;&#10;  begin                            &#13;&#10;        Picture1.Visible := false;                          &#13;&#10;  end&#13;&#10;  else                 &#13;&#10;  begin&#13;&#10;     if (&#60;Vitrecde.&#34;alveolev&#34;&#62;=0) and (&#60;Vitrecde.&#34;rect&#34;&#62;=1) then&#13;&#10;     begin&#13;&#10;        Picture1.Visible := false;&#13;&#10;        Child1.Visible := false;&#13;&#10;        Vitrecdealveolev.Frame.Typ := (ftBottom)+(ftRight);                                                  &#13;&#10;     end             &#13;&#10;     else&#13;&#10;     begin&#13;&#10;       &#13;&#10;        Picture1.Picture.LoadFromFile(&#60;Vitrecde.&#34;dessin&#34;&#62;);&#13;&#10;        Picture1.Visible := true;&#13;&#10;        Child1.Visible := true;&#13;&#10;        Vitrecdealveolev.Frame.Typ := (ftRight);            &#13;&#10;     end;               &#13;&#10;  end;  &#13;&#10;    &#13;&#10;end;  &#13;&#10;&#13;&#10;//++++++++++++++++++++++++++++++++++++++++++++++++++++++++++++                                                                                                                              &#13;&#10;    &#13;&#10;procedure GroupHeader2OnBeforePrint(Sender: TfrxComponent);&#13;&#10;begin&#13;&#10;   Memo3.Text := Translate('DOC_DESCRIPTION','');&#13;&#10;   Memo4.Text := Translate('DOC_QTE','');&#13;&#10;   Memo5.Text := Translate('DOC_LARGEUR','');&#13;&#10;   Memo6.Text := Translate('DOC_HAUTEUR','');&#13;&#10;   Memo7.Text := Translate('DOC_REFERENCE','');&#13;&#10;   Memo8.Text := Translate('DOC_CROISILLONS','');       &#13;&#10;end;&#13;&#10;&#13;&#10;begin&#13;&#10;&#13;&#10;end.&#13;&#10;    " PropData="044C65667403D10203546F70031B0108446174617365747301010C2700000020446174615365743D225F4465746372782220446174615365744E616D653D224465746372782200010C2500000020446174615365743D225F466F75726E2220446174615365744E616D653D22466F75726E2200010C2900000020446174615365743D225F536F63696574652220446174615365744E616D653D22536F63696574652200010C2B00000020446174615365743D225F56697472656364652220446174615365744E616D653D2256697472656364652200010C2B00000020446174615365743D225F56697472656372782220446174615365744E616D653D2256697472656372782200010C2B00000020446174615365743D225F56697472656864722220446174615365744E616D653D225669747265686472220000095661726961626C65730100055374796C650100">
  <TfrxDataPage Name="Data" Height="1000" Left="0" Top="0" Width="1000"/>
  <TfrxReportPage Name="Page1" Orientation="poLandscape" PaperWidth="297" PaperHeight="210" PaperSize="9" LeftMargin="10" RightMargin="10" TopMargin="10" BottomMargin="10" ColumnWidth="0" ColumnPositions.Text="" HGuides.Text="" VGuides.Text="">
    <TfrxMasterData Name="MasterData1" Height="18,89765" Left="0" Top="412" Width="1046,92981" OnBeforePrint="MasterData1OnBeforePrint" Child="Child1" ColumnWidth="0" ColumnGap="0" DataSet="_Vitrecde" DataSetName="Vitrecde" KeepChild="true" RowCount="0" Stretched="true">
      <TfrxMemoView Name="Vitrecdedesign" Left="0" Top="6,35602681597902E-15" Width="188,9765" Height="18,89765" StretchMode="smMaxHeight" DataField="design" DataSet="_Vitrecde" DataSetName="Vitrecde" Font.Charset="1" Font.Color="-16777208" Font.Height="-13" Font.Name="Arial" Font.Style="0" Frame.Typ="7" ParentFont="false" Text="[Vitrecde.&#34;design&#34;]"/>
      <TfrxMemoView Name="Vitrecdeqty" Left="188,9765" Top="6,35602681597902E-15" Width="37,7953" Height="18,89765" StretchMode="smMaxHeight" DataSet="_Vitrecde" DataSetName="Vitrecde" DisplayFormat.DecimalSeparator="," Font.Charset="1" Font.Color="-16777208" Font.Height="-13" Font.Name="Arial" Font.Style="0" Frame.Typ="7" ParentFont="false" Text="[Vitrecde.&#34;qty&#34;]"/>
      <TfrxMemoView Name="Vitrecdelargeur" Left="226,7718" Top="6,35602681597902E-15" Width="94,48825" Height="18,89765" StretchMode="smMaxHeight" DataSet="_Vitrecde" DataSetName="Vitrecde" DisplayFormat.DecimalSeparator="," Font.Charset="1" Font.Color="-16777208" Font.Height="-13" Font.Name="Arial" Font.Style="0" Frame.Typ="7" ParentFont="false" Text="[Vitrecde.&#34;largeur&#34;]"/>
      <TfrxMemoView Name="Vitrecdehauteur" Left="321,26005" Top="6,35602681597902E-15" Width="94,48825" Height="18,89765" StretchMode="smMaxHeight" DataField="hauteur" DataSet="_Vitrecde" DataSetName="Vitrecde" Font.Charset="1" Font.Color="-16777208" Font.Height="-13" Font.Name="Arial" Font.Style="0" Frame.Typ="7" ParentFont="false" Text="[Vitrecde.&#34;hauteur&#34;]"/>
      <TfrxMemoView Name="Vitrecdechassis" Left="415,7483" Top="0" Width="151,1812" Height="18,89765" StretchMode="smMaxHeight" DataSet="_Vitrecde" DataSetName="Vitrecde" DisplayFormat.DecimalSeparator="," Font.Charset="1" Font.Color="-16777208" Font.Height="-13" Font.Name="Arial" Font.Style="0" Frame.Typ="5" ParentFont="false" Text="[Vitrecde.&#34;chassis&#34;].[Vitrecde.&#34;numouvr&#34;].[Vitrecde.&#34;numvant&#34;]"/>
      <TfrxMemoView Name="Vitrecdealveolev" Left="680,3154" Top="0" Width="366,61441" Height="18,89765" OnBeforePrint="VitrecdealveolevOnBeforePrint" StretchMode="smMaxHeight" DataSet="_Vitrecde" DataSetName="Vitrecde" DisplayFormat.DecimalSeparator="," Font.Charset="1" Font.Color="-16777208" Font.Height="-13" Font.Name="Arial" Font.Style="0" Frame.Typ="7" ParentFont="false" Text="[Detcrx.&#34;alveolev&#34;]x[Detcrx.&#34;alveoleh&#34;] [Detcrx.&#34;descriptio&#34;]"/>
      <TfrxMemoView Name="Memo17" Left="566,9295" Top="6,35602681597902E-15" Width="113,3859" Height="18,89765" StretchMode="smMaxHeight" DisplayFormat.DecimalSeparator="," DisplayFormat.FormatStr="%2.2f" DisplayFormat.Kind="fkNumeric" Font.Charset="1" Font.Color="-16777208" Font.Height="-13" Font.Name="Arial" Font.Style="0" Frame.Typ="6" HAlign="haRight" ParentFont="false" Text="[&#60;Vitrecde.&#34;largeur&#34;&#62;*&#60;Vitrecde.&#34;hauteur&#34;&#62;/1000000] m² "/>
    </TfrxMasterData>
    <TfrxPageFooter Name="PageFooter1" Height="22,67718" Left="0" Top="652" Width="1046,92981">
      <TfrxMemoView Name="Memo11" Left="0" Top="-2,08166817117217E-14" Width="1046,92981" Height="18,89765" DisplayFormat.DecimalSeparator="," Font.Charset="1" Font.Color="-16777208" Font.Height="-13" Font.Name="Times New Roman" Font.Style="2" Frame.Typ="4" HAlign="haRight" ParentFont="false" Text="[Page]  "/>
    </TfrxPageFooter>
    <TfrxChild Name="Child1" Height="94,48825" Left="0" Top="452" Width="1046,92981" KeepChild="true" Stretched="true">
      <TfrxPictureView Name="Picture1" Left="415,7480315" Top="0" Width="264,56695354" Height="94,48825" Center="true" Frame.Typ="11"/>
      <TfrxMemoView Name="Memo12" Left="680,3154" Top="0" Width="366,61441" Height="94,48825" OnBeforePrint="Memo12OnBeforePrint" StretchMode="smMaxHeight" DisplayFormat.DecimalSeparator="," Font.Charset="1" Font.Color="-16777208" Font.Height="-13" Font.Name="Arial" Font.Style="0" Frame.Typ="11" ParentFont="false" Text="[Translate('DOC_COULEUR','')]: [Detcrx.&#34;couleur&#34;]"/>
      <TfrxMemoView Name="Memo13" Left="0" Top="3,80251385934116E-15" Width="188,9765" Height="18,89765" StretchMode="smMaxHeight" DisplayFormat.DecimalSeparator="," Font.Charset="1" Font.Color="-16777208" Font.Height="-13" Font.Name="Arial" Font.Style="0" Frame.Typ="11" ParentFont="false" Text=""/>
      <TfrxMemoView Name="Memo14" Left="188,9765" Top="3,80251385934116E-15" Width="37,7953" Height="18,89765" StretchMode="smMaxHeight" DisplayFormat.DecimalSeparator="," Font.Charset="1" Font.Color="-16777208" Font.Height="-13" Font.Name="Arial" Font.Style="0" Frame.Typ="11" ParentFont="false" Text=""/>
      <TfrxMemoView Name="Memo15" Left="226,7718" Top="3,80251385934116E-15" Width="94,48825" Height="18,89765" StretchMode="smMaxHeight" DisplayFormat.DecimalSeparator="," Font.Charset="1" Font.Color="-16777208" Font.Height="-13" Font.Name="Arial" Font.Style="0" Frame.Typ="11" ParentFont="false" Text=""/>
      <TfrxMemoView Name="Memo16" Left="321,26005" Top="3,80251385934116E-15" Width="94,48825" Height="18,89765" StretchMode="smMaxHeight" DisplayFormat.DecimalSeparator="," Font.Charset="1" Font.Color="-16777208" Font.Height="-13" Font.Name="Arial" Font.Style="0" Frame.Typ="11" ParentFont="false" Text=""/>
    </TfrxChild>
    <TfrxGroupHeader Name="GroupHeader1" Height="200,31509" Left="0" Top="16" Width="1046,92981" Condition="Vitrecde.&#34;fourn&#34;" ResetPageNumbers="true" StartNewPage="true" Stretched="true">
      <TfrxMemoView Name="Memo1" Align="baCenter" Left="372,283705" Top="43,57483" Width="302,3624" Height="147,40167" DisplayFormat.DecimalSeparator="," Font.Charset="1" Font.Color="-16777208" Font.Height="-19" Font.Name="Arial" Font.Style="0" Frame.Typ="15" HAlign="haCenter" ParentFont="false" VAlign="vaCenter" Text="[Translate('DOC_COMMANDEVITRAGE','')] [Vitrehdr.&#34;datejou&#34;]"/>
      <TfrxMemoView Name="Fournnom" Align="baCenter" Left="370,39394" Top="7,55906" Width="306,14193" Height="18,89765" DataField="nom" DataSet="_Fourn" DataSetName="Fourn" Font.Charset="1" Font.Color="-16777208" Font.Height="-13" Font.Name="Arial" Font.Style="0" HAlign="haCenter" ParentFont="false" VAlign="vaCenter" Text="[Fourn.&#34;nom&#34;]"/>
      <TfrxMemoView Name="Memo9" Left="18,89765" Top="7,55905999999999" Width="219,21274" Height="18,89765" StretchMode="smActualHeight" DisplayFormat.DecimalSeparator="," Font.Charset="1" Font.Color="-16777208" Font.Height="-19" Font.Name="Arial" Font.Style="1" HAlign="haCenter" ParentFont="false" Text="[Societe.&#34;nom&#34;]"/>
      <TfrxMemoView Name="Societesoustitre" Left="18,89765" Top="45,35436" Width="219,21274" Height="18,89765" StretchMode="smActualHeight" DataField="soustitre" DataSet="_Societe" DataSetName="Societe" Font.Charset="1" Font.Color="-16777208" Font.Height="-15" Font.Name="Arial" Font.Style="0" ParentFont="false" Text="[Societe.&#34;soustitre&#34;]"/>
      <TfrxMemoView Name="Societetexte1" Left="18,89765" Top="64,25201" Width="219,21274" Height="18,89765" StretchMode="smActualHeight" DataField="texte1" DataSet="_Societe" DataSetName="Societe" Font.Charset="1" Font.Color="-16777208" Font.Height="-15" Font.Name="Arial" Font.Style="0" ParentFont="false" Text="[Societe.&#34;texte1&#34;]"/>
      <TfrxMemoView Name="Societetexte2" Left="18,89765" Top="83,14966" Width="219,21274" Height="18,89765" StretchMode="smActualHeight" DataField="texte2" DataSet="_Societe" DataSetName="Societe" Font.Charset="1" Font.Color="-16777208" Font.Height="-15" Font.Name="Arial" Font.Style="0" ParentFont="false" Text="[Societe.&#34;texte2&#34;]"/>
      <TfrxMemoView Name="Societeemail" Left="18,89765" Top="102,04731" Width="219,21274" Height="18,89765" DataField="email" DataSet="_Societe" DataSetName="Societe" Font.Charset="1" Font.Color="-16777208" Font.Height="-13" Font.Name="Arial" Font.Style="0" ParentFont="false" Text="[Societe.&#34;email&#34;]"/>
    </TfrxGroupHeader>
    <TfrxGroupHeader Name="GroupHeader2" Height="113,3859" Left="0" Top="280" Width="1046,92981" OnBeforePrint="GroupHeader2OnBeforePrint" Condition="Vitrecde.&#34;typeforme&#34;" ReprintOnNewPage="true" StartNewPage="true" Stretched="true">
      <TfrxMemoView Name="Vitrehdrlot" Left="0" Top="1,52655665885959E-14" Width="90,70872" Height="18,89765" DataSet="_Vitrehdr" DataSetName="Vitrehdr" DisplayFormat.DecimalSeparator="," Font.Charset="1" Font.Color="-16777208" Font.Height="-13" Font.Name="Arial" Font.Style="1" ParentFont="false" VAlign="vaCenter" Text="Lot [Vitrecde.&#34;lot&#34;]"/>
      <TfrxMemoView Name="Vitrehdrref" Left="0" Top="37,7953" Width="525,35467" Height="18,89765" DataSet="_Vitrehdr" DataSetName="Vitrehdr" DisplayFormat.DecimalSeparator="," Font.Charset="1" Font.Color="-16777208" Font.Height="-13" Font.Name="Arial" Font.Style="1" Frame.Typ="3" ParentFont="false" VAlign="vaCenter" Text="[Translate('IDS_NOSREFERENCES','')]: [Vitrecde.&#34;cde&#34;]"/>
      <TfrxMemoView Name="Vitrehdrdatecde" Left="0" Top="75,5906" Width="525,35467" Height="18,89765" DataSet="_Vitrehdr" DataSetName="Vitrehdr" DisplayFormat.DecimalSeparator="," Font.Charset="1" Font.Color="-16777208" Font.Height="-13" Font.Name="Arial" Font.Style="1" Frame.Typ="11" ParentFont="false" VAlign="vaCenter" Text="[Translate('DOC_DATELIVRAISON','')]: [Vitrehdr.&#34;datecde&#34;]"/>
      <TfrxMemoView Name="Vitrehdradresse" Left="525,35467" Top="18,89765" Width="521,57514" Height="18,89765" DataField="adresse" DataSet="_Vitrehdr" DataSetName="Vitrehdr" Font.Charset="1" Font.Color="-16777208" Font.Height="-13" Font.Name="Arial" Font.Style="0" Frame.Typ="7" ParentFont="false" VAlign="vaCenter" Text="[Vitrehdr.&#34;adresse&#34;]"/>
      <TfrxMemoView Name="Vitrehdrzip" Left="525,35467" Top="37,7953" Width="86,92919" Height="18,89765" DataField="zip" DataSet="_Vitrehdr" DataSetName="Vitrehdr" Font.Charset="1" Font.Color="-16777208" Font.Height="-13" Font.Name="Arial" Font.Style="0" Frame.Typ="1" ParentFont="false" VAlign="vaCenter" Text="[Vitrehdr.&#34;zip&#34;]"/>
      <TfrxMemoView Name="Vitrehdrloc" Left="612,28386" Top="37,7953" Width="434,64595" Height="18,89765" DataField="loc" DataSet="_Vitrehdr" DataSetName="Vitrehdr" Font.Charset="1" Font.Color="-16777208" Font.Height="-13" Font.Name="Arial" Font.Style="0" Frame.Typ="2" ParentFont="false" VAlign="vaCenter" Text="[Vitrehdr.&#34;loc&#34;]"/>
      <TfrxMemoView Name="Vitrehdrprovince" Left="525,35467" Top="56,69295" Width="170,07885" Height="18,89765" StretchMode="smMaxHeight" DataField="province" DataSet="_Vitrehdr" DataSetName="Vitrehdr" Font.Charset="1" Font.Color="-16777208" Font.Height="-13" Font.Name="Arial" Font.Style="0" Frame.Typ="8" ParentFont="false" VAlign="vaCenter" Text="[Vitrehdr.&#34;province&#34;]"/>
      <TfrxMemoView Name="Vitrehdrpays" Left="695,43352" Top="56,69295" Width="351,49629" Height="18,89765" StretchMode="smMaxHeight" DataField="pays" DataSet="_Vitrehdr" DataSetName="Vitrehdr" Font.Charset="1" Font.Color="-16777208" Font.Height="-13" Font.Name="Arial" Font.Style="0" Frame.Typ="10" ParentFont="false" VAlign="vaCenter" Text="[Vitrehdr.&#34;pays&#34;]"/>
      <TfrxMemoView Name="Memo2" Left="0" Top="56,69295" Width="525,35467" Height="18,89765" DisplayFormat.DecimalSeparator="," Font.Charset="1" Font.Color="-16777208" Font.Height="-13" Font.Name="Arial" Font.Style="1" Frame.Typ="3" ParentFont="false" VAlign="vaCenter" Text="[Translate('DOC_CLIENT','')]: [Vitrecde.&#34;client&#34;]"/>
      <TfrxMemoView Name="Memo3" Left="0" Top="94,48825" Width="188,9765" Height="18,89765" DisplayFormat.DecimalSeparator="," Font.Charset="1" Font.Color="-16777208" Font.Height="-13" Font.Name="Arial" Font.Style="5" Frame.Typ="15" HAlign="haCenter" ParentFont="false" Text="Description"/>
      <TfrxMemoView Name="Memo4" Left="188,9765" Top="94,48825" Width="37,7953" Height="18,89765" DisplayFormat.DecimalSeparator="," Font.Charset="1" Font.Color="-16777208" Font.Height="-13" Font.Name="Arial" Font.Style="5" Frame.Typ="15" HAlign="haCenter" ParentFont="false" Text="Qté"/>
      <TfrxMemoView Name="Memo5" Left="226,7718" Top="94,48825" Width="94,48825" Height="18,89765" DisplayFormat.DecimalSeparator="," Font.Charset="1" Font.Color="-16777208" Font.Height="-13" Font.Name="Arial" Font.Style="5" Frame.Typ="15" HAlign="haCenter" ParentFont="false" Text="Largeur"/>
      <TfrxMemoView Name="Memo6" Left="321,26005" Top="94,48825" Width="94,48825" Height="18,89765" DisplayFormat.DecimalSeparator="," Font.Charset="1" Font.Color="-16777208" Font.Height="-13" Font.Name="Arial" Font.Style="5" Frame.Typ="15" HAlign="haCenter" ParentFont="false" Text="Hauteur"/>
      <TfrxMemoView Name="Memo7" Left="415,7483" Top="94,48825" Width="264,5671" Height="18,89765" DisplayFormat.DecimalSeparator="," Font.Charset="1" Font.Color="-16777208" Font.Height="-13" Font.Name="Arial" Font.Style="5" Frame.Typ="15" HAlign="haCenter" ParentFont="false" Text="Référence"/>
      <TfrxMemoView Name="Memo8" Left="680,3154" Top="94,48825" Width="366,61441" Height="18,89765" DisplayFormat.DecimalSeparator="," Font.Charset="1" Font.Color="-16777208" Font.Height="-13" Font.Name="Arial" Font.Style="5" Frame.Typ="15" HAlign="haCenter" ParentFont="false" Text="Croisillons"/>
      <TfrxMemoView Name="Vitrecdecde" Left="525,35467" Top="1,52655665885959E-14" Width="128,50402" Height="18,89765" DataField="cde" DataSet="_Vitrecde" DataSetName="Vitrecde" Font.Charset="1" Font.Color="-16777208" Font.Height="-13" Font.Name="Arial" Font.Style="1" ParentFont="false" Text="[Vitrecde.&#34;cde&#34;]"/>
      <TfrxMemoView Name="Memo10" Left="0" Top="18,89765" Width="525,35467" Height="18,89765" DisplayFormat.DecimalSeparator="," Font.Charset="1" Font.Color="-16777208" Font.Height="-13" Font.Name="Arial" Font.Style="1" Frame.Typ="7" ParentFont="false" VAlign="vaCenter" Text="[Translate('DOC_VUEINTERIEURE','')]"/>
    </TfrxGroupHeader>
    <TfrxGroupFooter Name="GroupFooter1" Height="22,67718" Left="0" Top="568" Width="1046,92981">
      <TfrxMemoView Name="Memo18" Left="0" Top="3,77953" Width="415,7483" Height="18,89765" DisplayFormat.DecimalSeparator="," Font.Charset="1" Font.Color="-16777208" Font.Height="-13" Font.Name="Arial" Font.Style="0" ParentFont="false" VAlign="vaCenter" Text="[Translate('DOC_NOMBRE_VOLUMES','')]: [SUM(&#60;Vitrecde.&#34;qty&#34;&#62;,MasterData1)]"/>
      <TfrxMemoView Name="Memo19" Left="415,7483" Top="3,77953" Width="264,5671" Height="18,89765" DisplayFormat.DecimalSeparator="," DisplayFormat.FormatStr="%2.2f" DisplayFormat.Kind="fkNumeric" Font.Charset="1" Font.Color="-16777208" Font.Height="-13" Font.Name="Arial" Font.Style="0" HAlign="haRight" ParentFont="false" Text="[Translate('DOC_SURFACE_TOTALE','')]: [SUM(&#60;Vitrecde.&#34;hauteur&#34;&#62;*&#60;Vitrecde.&#34;largeur&#34;&#62;/1000000,MasterData1)] m² "/>
    </TfrxGroupFooter>
    <TfrxGroupHeader Name="GroupHeader3" Height="22,67718" Left="0" Top="236" Width="1046,92981" Condition="Vitrecde.&#34;cde&#34;" StartNewPage="true"/>
  </TfrxReportPage>
</TfrxReport>

[I]fr3=1
[C]title=Bon de Commande vitrage
[End of REPORT]
[Record REPORTQRY]
[REPORT=CDE VITRAGE       0]
[C]database=DB1
[C]datasource=mysql_odbc
[C]name=DB1
[M]params=31
user name=root
password=test

[C]report=CDE VITRAGE
[C]type=D
[End of REPORTQRY]
[Record REPORTQRY]
[REPORT=CDE VITRAGE       1]
[C]database=DB1
[C]datasource=ds_Vitrecde
[I]line=1
[C]name=Vitrehdr
[M]params=77
Select *
from vitrehdr v
where v.lot=:lot and v.cde=:cde and v.fourn=:fourn
[C]report=CDE VITRAGE
[M]sqlmy=77
Select *
from vitrehdr v
where v.lot=:lot and v.cde=:cde and v.fourn=:fourn
[C]type=Q
[End of REPORTQRY]
[Record REPORTQRY]
[REPORT=CDE VITRAGE       2]
[C]database=DB1
[I]line=2
[C]name=Vitrecde
[M]params=276
Select vc.cde, vc.code, vc.design, vc.lot, vc.qty, vc.client, vc.w as largeur, vc.chassis, vc.numouvr, vc.numvant, vc.numrempl, vc.h as hauteur, vc.dessin, vc.rect, vc.alveolev, vc.fourn, vc.typeforme
from vitrecde vc
where vc.lot=22
order by vc.fourn, vc.cde, vc.typeforme
[C]report=CDE VITRAGE
[M]sqlmy=278
Select vc.cde, vc.code, vc.design, vc.lot, vc.qty, vc.client, vc.w as largeur, vc.chassis, vc.numouvr, vc.numvant, vc.numrempl, vc.h as hauteur, vc.dessin, vc.rect, vc.alveolev, vc.fourn, vc.typeforme
from vitrecde vc
where vc.lot=:lot
order by vc.fourn, vc.cde, vc.typeforme
[C]type=Q
[End of REPORTQRY]
[Record REPORTQRY]
[REPORT=CDE VITRAGE       3]
[C]database=DB1
[I]line=3
[C]name=Societe
[M]params=23
Select * from societe s
[C]report=CDE VITRAGE
[M]sqlmy=23
Select * from societe s
[C]type=Q
[End of REPORTQRY]
[Record REPORTQRY]
[REPORT=CDE VITRAGE       4]
[C]database=DB1
[C]datasource=ds_Vitrecde
[I]line=4
[C]name=Fourn
[M]params=105
Select f.code, f.nom, f.adresse, f.zip, f.localite, f.province, f.pays
from fourn f
where f.code=:fourn
[C]report=CDE VITRAGE
[M]sqlmy=105
Select f.code, f.nom, f.adresse, f.zip, f.localite, f.province, f.pays
from fourn f
where f.code=:fourn
[C]type=Q
[End of REPORTQRY]
[Record REPORTQRY]
[REPORT=CDE VITRAGE       5]
[C]database=DB1
[I]line=5
[C]name=Vitrecrx
[M]params=126
Select v.pos from vitrecrx v where v.lot = 22 and v.cde = '$TEST_BCV9' and v.chassis = '004' and v.code = 1 and v.prefix = 'H'
[C]report=CDE VITRAGE
[M]sqlmy=126
Select v.pos from vitrecrx v where v.lot = 22 and v.cde = '$TEST_BCV9' and v.chassis = '004' and v.code = 1 and v.prefix = 'H'
[C]type=Q
[End of REPORTQRY]
[Record REPORTQRY]
[REPORT=CDE VITRAGE       6]
[C]database=DB1
[I]line=6
[C]name=Detcrx
[M]params=223
Select vc.alveolev, vc.alveoleh, vc.codecrx, c.descriptio, clr.descriptio as couleur from vitrecde vc join croisill c on c.code=vc.codecrx join couleur clr on clr.code = vc.clrcrxext where vc.lot = 22 and vc.chassis = '004'
[C]report=CDE VITRAGE
[M]sqlmy=223
Select vc.alveolev, vc.alveoleh, vc.codecrx, c.descriptio, clr.descriptio as couleur from vitrecde vc join croisill c on c.code=vc.codecrx join couleur clr on clr.code = vc.clrcrxext where vc.lot = 22 and vc.chassis = '004'
[C]type=Q
[End of REPORTQRY]
