[Record REPORT]
[CODE=CATEG ART]
[C]code=CATEG ART
[M]descriptio=74
V 1.1 version multilingue
winpro => V 8.0.1.54
WPReport.dll => V 8.0.1.2
[M]design=4259
<?xml version="1.0" encoding="utf-8"?>
<TfrxReport Version="4.1.28" DotMatrixReport="false" IniFile="\Software\Fast Reports" PreviewOptions.Buttons="4095" PreviewOptions.Zoom="1" PrintOptions.Printer="pdfFactory" PrintOptions.PrintOnSheet="0" ReportOptions.CreateDate="39160,58374125" ReportOptions.Description.Text="" ReportOptions.LastChange="39160,58374125" ScriptLanguage="PascalScript" ScriptText.Text="procedure PageHeader1OnBeforePrint(Sender: TfrxComponent);&#13;&#10;begin&#13;&#10;   Memo1.Text := Translate('DOC_CODE','');&#13;&#10;   Memo2.Text := Translate('DOC_DESCRIPTION','');&#13;&#10;   Memo3.Text := Translate('IDS_IMPUTATION','');       &#13;&#10;end;&#13;&#10;&#13;&#10;begin&#13;&#10;&#13;&#10;end." PropData="044C65667403D10203546F70031B0108446174617365747301010C2500000020446174615365743D225F43617465672220446174615365744E616D653D224361746567220000095661726961626C65730100055374796C650100">
  <TfrxDataPage Name="Data" Height="1000" Left="0" Top="0" Width="1000"/>
  <TfrxReportPage Name="Page1" PaperWidth="210" PaperHeight="297" PaperSize="9" LeftMargin="10" RightMargin="10" TopMargin="10" BottomMargin="10" ColumnWidth="0" ColumnPositions.Text="" HGuides.Text="" VGuides.Text="">
    <TfrxPageHeader Name="PageHeader1" Font.Charset="1" Font.Color="10027007" Font.Height="-13" Font.Name="Arial" Font.Style="0" Height="18,89765" Left="0" ParentFont="false" Top="18,89765" Width="718,1107" OnBeforePrint="PageHeader1OnBeforePrint" Stretched="true">
      <TfrxMemoView Name="Memo1" Left="0" Top="0" Width="128,50402" Height="18,89765" Color="10027007" DisplayFormat.DecimalSeparator="," Font.Charset="1" Font.Color="0" Font.Height="-13" Font.Name="Arial" Font.Style="1" Frame.Typ="15" HAlign="haCenter" ParentFont="false" Text=""/>
      <TfrxMemoView Name="Memo2" Left="128,50402" Top="0" Width="480,00031" Height="18,89765" Color="10027007" DisplayFormat.DecimalSeparator="," Font.Charset="1" Font.Color="-16777208" Font.Height="-13" Font.Name="Arial" Font.Style="1" Frame.Typ="15" HAlign="haCenter" ParentFont="false" Text=""/>
      <TfrxMemoView Name="Memo3" Left="608,50433" Top="0" Width="109,60637" Height="18,89765" Color="10027007" DisplayFormat.DecimalSeparator="," Font.Charset="1" Font.Color="-16777208" Font.Height="-13" Font.Name="Arial" Font.Style="1" Frame.Typ="15" HAlign="haCenter" ParentFont="false" Text=""/>
    </TfrxPageHeader>
    <TfrxMasterData Name="MasterData1" Height="18,89765" Left="0" Top="98,26778" Width="718,1107" ColumnWidth="0" ColumnGap="0" DataSet="_Categ" DataSetName="Categ" RowCount="0" Stretched="true">
      <TfrxMemoView Name="Categcode" Left="0" Top="0" Width="128,50402" Height="18,89765" StretchMode="smMaxHeight" DataField="code" DataSet="_Categ" DataSetName="Categ" Font.Charset="1" Font.Color="-16777208" Font.Height="-13" Font.Name="Arial" Font.Style="0" Frame.Typ="15" ParentFont="false" Text="[Categ.&#34;code&#34;]"/>
      <TfrxMemoView Name="Categdescriptio" Left="128,50402" Top="0" Width="480,00031" Height="18,89765" StretchMode="smMaxHeight" DataField="descriptio" DataSet="_Categ" DataSetName="Categ" Font.Charset="1" Font.Color="-16777208" Font.Height="-13" Font.Name="Arial" Font.Style="0" Frame.Typ="15" ParentFont="false" Text="[Categ.&#34;descriptio&#34;]"/>
      <TfrxMemoView Name="Categimput" Left="608,50433" Top="0" Width="109,60637" Height="18,89765" StretchMode="smMaxHeight" DataField="imput" DataSet="_Categ" DataSetName="Categ" Font.Charset="1" Font.Color="-16777208" Font.Height="-13" Font.Name="Arial" Font.Style="0" Frame.Typ="15" ParentFont="false" Text="[Categ.&#34;imput&#34;]"/>
    </TfrxMasterData>
    <TfrxPageFooter Name="PageFooter1" Height="22,67718" Left="0" Top="177,63791" Width="718,1107">
      <TfrxMemoView Name="Page" Left="377,953" Top="0" Width="340,1577" Height="18,89765" Font.Charset="1" Font.Color="-16777208" Font.Height="-13" Font.Name="Arial" Font.Style="2" Frame.Typ="4" HAlign="haRight" ParentFont="false" Text="[Page]"/>
      <TfrxMemoView Name="Date" Left="0" Top="0" Width="377,953" Height="18,89765" Font.Charset="1" Font.Color="-16777208" Font.Height="-11" Font.Name="Arial" Font.Style="2" Frame.Typ="4" ParentFont="false" Text="[Date]"/>
    </TfrxPageFooter>
  </TfrxReportPage>
</TfrxReport>

[I]fr3=1
[C]title=Liste des catégories d'articles
[End of REPORT]
[Record REPORTQRY]
[REPORT=CATEG ART         0]
[C]database=DB1
[C]datasource=odbc_mysql
[C]name=DB1
[M]params=31
user name=root
password=test

[C]report=CATEG ART
[C]type=D
[End of REPORTQRY]
[Record REPORTQRY]
[REPORT=CATEG ART         1]
[C]database=DB1
[I]line=1
[C]name=Categ
[M]params=67
Select c.code, c.descriptio, c.imput
from categ c
order by c.code
[C]report=CATEG ART
[C]type=Q
[End of REPORTQRY]
