[Record REPORT]
[CODE=COEFF PRIX]
[C]code=COEFF PRIX
[M]descriptio=74
V 1.1 version multilingue
winpro => V 8.0.1.54
WPReport.dll => V 8.0.1.2
[M]design=6507
<?xml version="1.0" encoding="utf-8"?>
<TfrxReport Version="4.1.28" DotMatrixReport="false" IniFile="\Software\Fast Reports" PreviewOptions.Buttons="4095" PreviewOptions.Zoom="1" PrintOptions.Printer="pdfFactory" PrintOptions.PrintOnSheet="0" ReportOptions.CreateDate="39160,6338106597" ReportOptions.Description.Text="" ReportOptions.LastChange="39160,6338106597" ScriptLanguage="PascalScript" ScriptText.Text="procedure PageHeader1OnBeforePrint(Sender: TfrxComponent);&#13;&#10;begin&#13;&#10;   Memo1.Text := Translate('DOC_CODE','');&#13;&#10;   Memo2.Text := Translate('IDS_MARGE','') + ' 1';&#13;&#10;   Memo6.Text := Translate('IDS_MARGE','') + ' 2';&#13;&#10;   Memo3.Text := Translate('IDS_DEBOURSE','');&#13;&#10;   Memo4.Text := Translate('IDS_PCOURANT','');&#13;&#10;   Memo5.Text := Translate('DOC_DESCRIPTION','');       &#13;&#10;end;&#13;&#10;&#13;&#10;begin&#13;&#10;&#13;&#10;end." PropData="044C65667403D10203546F70031B0108446174617365747301010C2500000020446174615365743D225F436F6566662220446174615365744E616D653D22436F656666220000095661726961626C65730100055374796C650100">
  <TfrxDataPage Name="Data" Height="1000" Left="0" Top="0" Width="1000"/>
  <TfrxReportPage Name="Page1" PaperWidth="215,9" PaperHeight="279,4" PaperSize="1" LeftMargin="10" RightMargin="10" TopMargin="10" BottomMargin="10" ColumnWidth="0" ColumnPositions.Text="" HGuides.Text="" VGuides.Text="">
    <TfrxPageHeader Name="PageHeader1" Height="18,89765" Left="0" Top="18,89765" Width="740,409927" OnBeforePrint="PageHeader1OnBeforePrint" Stretched="true">
      <TfrxMemoView Name="Memo1" Left="0" Top="0" Width="128,50402" Height="18,89765" Color="10027007" DisplayFormat.DecimalSeparator="," Font.Charset="1" Font.Color="-16777208" Font.Height="-13" Font.Name="Arial" Font.Style="1" Frame.Typ="15" HAlign="haCenter" ParentFont="false" Text="Code"/>
      <TfrxMemoView Name="Memo2" Left="128,50402" Top="0" Width="79,37013" Height="18,89765" Color="10027007" DisplayFormat.DecimalSeparator="," Font.Charset="1" Font.Color="-16777208" Font.Height="-13" Font.Name="Arial" Font.Style="1" Frame.Typ="15" HAlign="haCenter" ParentFont="false" Text="Marge 1"/>
      <TfrxMemoView Name="Memo3" Left="287,24428" Top="0" Width="94,48825" Height="18,89765" Color="10027007" DisplayFormat.DecimalSeparator="," Font.Charset="1" Font.Color="-16777208" Font.Height="-13" Font.Name="Arial" Font.Style="1" Frame.Typ="15" HAlign="haCenter" ParentFont="false" Text="Déboursé"/>
      <TfrxMemoView Name="Memo4" Left="381,73253" Top="0" Width="94,48825" Height="18,89765" Color="10027007" DisplayFormat.DecimalSeparator="," Font.Charset="1" Font.Color="-16777208" Font.Height="-13" Font.Name="Arial" Font.Style="1" Frame.Typ="15" HAlign="haCenter" ParentFont="false" Text="P. Courant"/>
      <TfrxMemoView Name="Memo5" Left="476,22078" Top="0" Width="264,5671" Height="18,89765" Color="10027007" DisplayFormat.DecimalSeparator="," Font.Charset="1" Font.Color="-16777208" Font.Height="-13" Font.Name="Arial" Font.Style="1" Frame.Typ="15" HAlign="haCenter" ParentFont="false" Text="Description"/>
      <TfrxMemoView Name="Memo6" Left="207,87415" Top="0" Width="79,37013" Height="18,89765" Color="10027007" DisplayFormat.DecimalSeparator="," Font.Charset="1" Font.Color="-16777208" Font.Height="-13" Font.Name="Arial" Font.Style="1" Frame.Typ="15" HAlign="haCenter" ParentFont="false" Text="Marge 2"/>
    </TfrxPageHeader>
    <TfrxMasterData Name="MasterData1" Height="18,89765" Left="0" Top="98,26778" Width="740,409927" ColumnWidth="0" ColumnGap="0" DataSet="_Coeff" DataSetName="Coeff" RowCount="0" Stretched="true">
      <TfrxMemoView Name="Coeffcode" Left="0" Top="0" Width="128,50402" Height="18,89765" StretchMode="smMaxHeight" DataField="code" DataSet="_Coeff" DataSetName="Coeff" Font.Charset="1" Font.Color="-16777208" Font.Height="-13" Font.Name="Arial" Font.Style="0" Frame.Typ="15" ParentFont="false" Text="[Coeff.&#34;code&#34;]"/>
      <TfrxMemoView Name="Coeffmarge" Left="128,50402" Top="0" Width="79,37013" Height="18,89765" StretchMode="smMaxHeight" DataSet="_Coeff" DataSetName="Coeff" DisplayFormat.DecimalSeparator="," DisplayFormat.FormatStr="%2.2f" DisplayFormat.Kind="fkNumeric" Font.Charset="1" Font.Color="-16777208" Font.Height="-13" Font.Name="Arial" Font.Style="0" Frame.Typ="15" ParentFont="false" Text="[Coeff.&#34;marge&#34;] %"/>
      <TfrxMemoView Name="Coeffdebourse" Left="287,24428" Top="0" Width="94,48825" Height="18,89765" StretchMode="smMaxHeight" DataField="debourse" DataSet="_Coeff" DataSetName="Coeff" Font.Charset="1" Font.Color="-16777208" Font.Height="-13" Font.Name="Arial" Font.Style="0" Frame.Typ="15" ParentFont="false" Text="[Coeff.&#34;debourse&#34;]"/>
      <TfrxMemoView Name="Coeffmarge2" Left="207,87415" Top="0" Width="79,37013" Height="18,89765" StretchMode="smMaxHeight" DataSet="_Coeff" DataSetName="Coeff" DisplayFormat.DecimalSeparator="," DisplayFormat.FormatStr="%2.2f" DisplayFormat.Kind="fkNumeric" Font.Charset="1" Font.Color="-16777208" Font.Height="-13" Font.Name="Arial" Font.Style="0" Frame.Typ="15" HAlign="haCenter" ParentFont="false" Text="[Coeff.&#34;marge2&#34;] %"/>
      <TfrxMemoView Name="Coeffpcourant" Left="381,73253" Top="0" Width="94,48825" Height="18,89765" StretchMode="smMaxHeight" DataField="pcourant" DataSet="_Coeff" DataSetName="Coeff" Font.Charset="1" Font.Color="-16777208" Font.Height="-13" Font.Name="Arial" Font.Style="0" Frame.Typ="15" ParentFont="false" Text="[Coeff.&#34;pcourant&#34;]"/>
      <TfrxMemoView Name="Coeffdescriptio" Left="476,22078" Top="0" Width="264,5671" Height="18,89765" StretchMode="smMaxHeight" DataField="descriptio" DataSet="_Coeff" DataSetName="Coeff" Font.Charset="1" Font.Color="-16777208" Font.Height="-13" Font.Name="Arial" Font.Style="0" Frame.Typ="15" ParentFont="false" Text="[Coeff.&#34;descriptio&#34;]"/>
    </TfrxMasterData>
    <TfrxPageFooter Name="PageFooter1" Height="22,67718" Left="0" Top="177,63791" Width="740,409927">
      <TfrxMemoView Name="Date" Left="0" Top="0" Width="340,1577" Height="18,89765" Font.Charset="1" Font.Color="-16777208" Font.Height="-11" Font.Name="Arial" Font.Style="2" Frame.Typ="4" ParentFont="false" Text="[Date]"/>
      <TfrxMemoView Name="Page" Left="340,1577" Top="0" Width="400,63018" Height="18,89765" Font.Charset="1" Font.Color="-16777208" Font.Height="-13" Font.Name="Arial" Font.Style="2" Frame.Typ="4" HAlign="haRight" ParentFont="false" Text="[Page]"/>
    </TfrxPageFooter>
  </TfrxReportPage>
</TfrxReport>

[I]fr3=1
[C]title=Liste des coefficients de prix
[End of REPORT]
[Record REPORTQRY]
[REPORT=COEFF PRIX        0]
[C]database=DB1
[C]datasource=odbc_mysql
[C]name=DB1
[M]params=31
user name=root
password=test

[C]report=COEFF PRIX
[C]type=D
[End of REPORTQRY]
[Record REPORTQRY]
[REPORT=COEFF PRIX        1]
[C]database=DB1
[I]line=1
[C]name=Coeff
[M]params=35
Select *
from coeff
order by code
[C]report=COEFF PRIX
[C]type=Q
[End of REPORTQRY]
