[Record REPORT]
[CODE=LISTE DEVISES]
[C]code=LISTE DEVISES
[M]descriptio=73
V 1.1  modif multilingue
winpro => V 8.0.1.54
WPReport.dll => V 8.0.1.2
[M]design=4276
<?xml version="1.0" encoding="utf-8"?>
<TfrxReport Version="4.1.28" DotMatrixReport="false" IniFile="\Software\Fast Reports" PreviewOptions.Buttons="4095" PreviewOptions.Zoom="1" PrintOptions.Printer="pdfFactory" PrintOptions.PrintOnSheet="0" ReportOptions.CreateDate="39160,6719702894" ReportOptions.Description.Text="" ReportOptions.LastChange="39160,6791301736" ScriptLanguage="PascalScript" ScriptText.Text="procedure PageHeader1OnBeforePrint(Sender: TfrxComponent);&#13;&#10;begin&#13;&#10;   Memo1.Text := Translate('DOC_CODE','');&#13;&#10;   Memo2.Text := Translate('DOC_DATE','');       &#13;&#10;   Memo3.Text := Translate('IDS_VALEUR','');         &#13;&#10;end;&#13;&#10;&#13;&#10;begin&#13;&#10;&#13;&#10;end." PropData="044C65667403D10203546F70031B0108446174617365747301010C2900000020446174615365743D225F446576697365732220446174615365744E616D653D2244657669736573220000095661726961626C65730100055374796C650100">
  <TfrxDataPage Name="Data" Height="1000" Left="0" Top="0" Width="1000"/>
  <TfrxReportPage Name="Page1" PaperWidth="210" PaperHeight="297" PaperSize="9" LeftMargin="10" RightMargin="10" TopMargin="20" BottomMargin="10" ColumnWidth="0" ColumnPositions.Text="" HGuides.Text="" VGuides.Text="">
    <TfrxPageHeader Name="PageHeader1" Height="18,89765" Left="0" Top="18,89765" Width="718,1107" OnBeforePrint="PageHeader1OnBeforePrint" Stretched="true">
      <TfrxMemoView Name="Memo1" Left="105,82684" Top="0" Width="90,70872" Height="18,89765" Color="10027007" DisplayFormat.DecimalSeparator="," Font.Charset="1" Font.Color="-16777208" Font.Height="-13" Font.Name="Arial" Font.Style="1" Frame.Typ="15" HAlign="haCenter" ParentFont="false" Text="Code"/>
      <TfrxMemoView Name="Memo2" Left="196,53556" Top="0" Width="94,48825" Height="18,89765" Color="10027007" DisplayFormat.DecimalSeparator="," Font.Charset="1" Font.Color="-16777208" Font.Height="-13" Font.Name="Arial" Font.Style="1" Frame.Typ="15" HAlign="haCenter" ParentFont="false" Text="Date"/>
      <TfrxMemoView Name="Memo3" Left="291,02381" Top="0" Width="98,26778" Height="18,89765" Color="10027007" DisplayFormat.DecimalSeparator="," Font.Charset="1" Font.Color="-16777208" Font.Height="-13" Font.Name="Arial" Font.Style="1" Frame.Typ="15" HAlign="haCenter" ParentFont="false" Text="Valeur"/>
    </TfrxPageHeader>
    <TfrxMasterData Name="MasterData1" Height="22,67718" Left="0" Top="98,26778" Width="718,1107" ColumnWidth="0" ColumnGap="0" DataSet="_Devises" DataSetName="Devises" RowCount="0" Stretched="true">
      <TfrxMemoView Name="Devisescode" Left="105,82684" Top="0" Width="90,70872" Height="18,89765" DataField="code" DataSet="_Devises" DataSetName="Devises" Font.Charset="1" Font.Color="-16777208" Font.Height="-11" Font.Name="Arial" Font.Style="2" Frame.Typ="15" HAlign="haRight" ParentFont="false" Text="[Devises.&#34;code&#34;]"/>
      <TfrxMemoView Name="Devisesdate" Left="196,53556" Top="0" Width="94,48825" Height="18,89765" DataField="date" DataSet="_Devises" DataSetName="Devises" Font.Charset="1" Font.Color="-16777208" Font.Height="-11" Font.Name="Arial" Font.Style="2" Frame.Typ="15" HAlign="haRight" ParentFont="false" Text="[Devises.&#34;date&#34;]"/>
      <TfrxMemoView Name="Devisesvaleur" Left="291,02381" Top="0" Width="98,26778" Height="18,89765" DataField="valeur" DataSet="_Devises" DataSetName="Devises" DisplayFormat.DecimalSeparator="," DisplayFormat.FormatStr="%2.2f" DisplayFormat.Kind="fkNumeric" Font.Charset="1" Font.Color="-16777208" Font.Height="-11" Font.Name="Arial" Font.Style="2" Frame.Typ="15" HAlign="haRight" ParentFont="false" Text="[Devises.&#34;valeur&#34;]"/>
    </TfrxMasterData>
    <TfrxPageFooter Name="PageFooter1" Height="22,67718" Left="0" Top="181,41744" Width="718,1107">
      <TfrxMemoView Name="Date" Left="0" Top="0" Width="377,953" Height="18,89765" Font.Charset="1" Font.Color="-16777208" Font.Height="-13" Font.Name="Arial" Font.Style="2" Frame.Typ="4" ParentFont="false" Text="[Date]"/>
      <TfrxMemoView Name="Page" Left="377,953" Top="0" Width="415,7483" Height="18,89765" Font.Charset="1" Font.Color="-16777208" Font.Height="-11" Font.Name="Arial" Font.Style="2" Frame.Typ="4" HAlign="haRight" ParentFont="false" Text="[Page]"/>
    </TfrxPageFooter>
  </TfrxReportPage>
</TfrxReport>

[I]fr3=1
[C]title=Liste des devises
[End of REPORT]
[Record REPORTQRY]
[REPORT=LISTE DEVISES     0]
[C]database=DB1
[C]datasource=odbc_mysql
[C]name=DB1
[M]params=31
user name=root
password=test

[C]report=LISTE DEVISES
[C]type=D
[End of REPORTQRY]
[Record REPORTQRY]
[REPORT=LISTE DEVISES     1]
[C]database=DB1
[I]line=1
[C]name=Devises
[M]params=36
Select *
from devise
order by code
[C]report=LISTE DEVISES
[C]type=Q
[End of REPORTQRY]
