[Record REPORT]
[CODE=MAGS STOCK]
[C]code=MAGS STOCK
[M]descriptio=67
V 1.1  Multilingue
winpro => V 8.0.1.54
WPReport.dll => V 8.0.1.2
[M]design=3585
<?xml version="1.0" encoding="utf-8"?>
<TfrxReport Version="4.1.28" DotMatrixReport="false" EngineOptions.DoublePass="true" IniFile="\Software\Fast Reports" PreviewOptions.Buttons="4095" PreviewOptions.Zoom="1" PrintOptions.Printer="Default" PrintOptions.PrintOnSheet="0" ReportOptions.CreateDate="39161,4181368056" ReportOptions.Description.Text="" ReportOptions.LastChange="39161,4181368056" ScriptLanguage="PascalScript" ScriptText.Text="procedure PageHeader1OnBeforePrint(Sender: TfrxComponent);&#13;&#10;begin&#13;&#10;              &#13;&#10;   Memo1.Text := Translate('DOC_CODE','');&#13;&#10;   Memo2.Text := Translate('DOC_DESCRIPTION','');       &#13;&#10;end;&#13;&#10;&#13;&#10;begin&#13;&#10;&#13;&#10;end." PropData="044C65667403D10203546F70031B0108446174617365747301010C2500000020446174615365743D225F4C6F63616C2220446174615365744E616D653D224C6F63616C220000095661726961626C65730100055374796C650100">
  <TfrxDataPage Name="Data" Height="1000" Left="0" Top="0" Width="1000"/>
  <TfrxReportPage Name="Page1" PaperWidth="210" PaperHeight="297" PaperSize="9" LeftMargin="10" RightMargin="10" TopMargin="10" BottomMargin="10" ColumnWidth="0" ColumnPositions.Text="" HGuides.Text="" VGuides.Text="">
    <TfrxPageHeader Name="PageHeader1" Height="18,89765" Left="0" Top="16" Width="718,1107" OnBeforePrint="PageHeader1OnBeforePrint">
      <TfrxMemoView Name="Memo1" Left="56,69295" Top="0" Width="128,50402" Height="18,89765" Color="10027007" DisplayFormat.DecimalSeparator="," Font.Charset="1" Font.Color="-16777208" Font.Height="-13" Font.Name="Arial" Font.Style="1" Frame.Typ="15" HAlign="haCenter" ParentFont="false" Text="Code"/>
      <TfrxMemoView Name="Memo2" Left="185,19697" Top="0" Width="480,00031" Height="18,89765" Color="10027007" DisplayFormat.DecimalSeparator="," Font.Charset="1" Font.Color="-16777208" Font.Height="-13" Font.Name="Arial" Font.Style="1" Frame.Typ="15" HAlign="haCenter" ParentFont="false" Text="Description"/>
    </TfrxPageHeader>
    <TfrxMasterData Name="MasterData1" Height="18,89765" Left="0" Top="96" Width="718,1107" ColumnWidth="0" ColumnGap="0" DataSet="_Local" DataSetName="Local" RowCount="0" Stretched="true">
      <TfrxMemoView Name="Localcode" Left="56,69295" Top="0" Width="128,50402" Height="18,89765" StretchMode="smMaxHeight" DataField="code" DataSet="_Local" DataSetName="Local" Font.Charset="1" Font.Color="-16777208" Font.Height="-11" Font.Name="Arial" Font.Style="0" Frame.Typ="15" ParentFont="false" Text="[Local.&#34;code&#34;]"/>
      <TfrxMemoView Name="Localdescriptio" Left="185,19697" Top="0" Width="480,00031" Height="18,89765" StretchMode="smMaxHeight" DataField="descriptio" DataSet="_Local" DataSetName="Local" Font.Charset="1" Font.Color="-16777208" Font.Height="-11" Font.Name="Arial" Font.Style="0" Frame.Typ="15" ParentFont="false" Text="[Local.&#34;descriptio&#34;]"/>
    </TfrxMasterData>
    <TfrxPageFooter Name="PageFooter1" Height="22,67718" Left="0" Top="176" Width="718,1107">
      <TfrxMemoView Name="Date" Left="0" Top="0" Width="340,1577" Height="18,89765" DisplayFormat.DecimalSeparator="," Font.Charset="1" Font.Color="-16777208" Font.Height="-11" Font.Name="Arial" Font.Style="2" Frame.Typ="4" ParentFont="false" Text=" [Date]"/>
      <TfrxMemoView Name="Page" Left="340,1577" Top="0" Width="377,953" Height="18,89765" DisplayFormat.DecimalSeparator="," Font.Charset="1" Font.Color="-16777208" Font.Height="-11" Font.Name="Arial" Font.Style="2" Frame.Typ="4" HAlign="haRight" ParentFont="false" Text="[Page] "/>
    </TfrxPageFooter>
  </TfrxReportPage>
</TfrxReport>

[I]fr3=1
[C]title=Liste des magasins de stock
[End of REPORT]
[Record REPORTQRY]
[REPORT=MAGS STOCK        0]
[C]database=DB1
[C]datasource=odbc_mysql
[C]name=DB1
[M]params=31
user name=root
password=test

[C]report=MAGS STOCK
[C]type=D
[End of REPORTQRY]
[Record REPORTQRY]
[REPORT=MAGS STOCK        1]
[C]database=DB1
[I]line=1
[C]name=Local
[M]params=35
Select *
from local
order by code
[C]report=MAGS STOCK
[C]type=Q
[End of REPORTQRY]
